<?xml version="1.0" encoding="UTF-8"?>
<testsuite xmlns:xsi="http://www.w3.org/2001/XMLSchema-instance" xsi:noNamespaceSchemaLocation="https://maven.apache.org/surefire/maven-surefire-plugin/xsd/surefire-test-report.xsd" name="github.x1n32.HashMapExerciseTest" time="0.073" tests="16" errors="0" skipped="0" failures="0">
  <properties>
[...]
</properties>
  <testcase name="testChangeinValue2" classname="github.x1n32.HashMapExerciseTest$HashMapTestingWithReport" time="0.024"/>
  <testcase name="testChangeinValue2" classname="github.x1n32.HashMapExerciseTest$HashMapTesting" time="0"/>
  <testcase name="testFindEmptyValues" classname="github.x1n32.HashMapExerciseTest$HashMapTestingWithReport" time="0"/>
  <testcase name="testFindEmptyValues" classname="github.x1n32.HashMapExerciseTest$HashMapTesting" time="0.001"/>
  <testcase name="checkValue" classname="github.x1n32.HashMapExerciseTest$HashMapTestingWithReport" time="0"/>
  <testcase name="checkValue" classname="github.x1n32.HashMapExerciseTest$HashMapTesting" time="0.001"/>
  <testcase name="testFindNullValues" classname="github.x1n32.HashMapExerciseTest$HashMapTestingWithReport" time="0.001"/>
  <testcase name="testFindNullValues" classname="github.x1n32.HashMapExerciseTest$HashMapTesting" time="0.001"/>
  <testcase name="checkValue2" classname="github.x1n32.HashMapExerciseTest$HashMapTestingWithReport" time="0.001"/>
  <testcase name="checkValue2" classname="github.x1n32.HashMapExerciseTest$HashMapTesting" time="0.001"/>
  <testcase name="testHashMapCreationUnderstanding" classname="github.x1n32.HashMapExerciseTest$HashMapTestingWithReport" time="0"/>
  <testcase name="testHashMapCreationUnderstanding" classname="github.x1n32.HashMapExerciseTest$HashMapTesting" time="0"/>
  <testcase name="testChangeinValue" classname="github.x1n32.HashMapExerciseTest$HashMapTestingWithReport" time="0.001"/>
  <testcase name="testChangeinValue" classname="github.x1n32.HashMapExerciseTest$HashMapTesting" time="0.001"/>
  <testcase name="Create" classname="github.x1n32.HashMapExerciseTest$HashMapTestingWithReport" time="0.002"/>
  <testcase name="Create" classname="github.x1n32.HashMapExerciseTest$HashMapTesting" time="0.001"/>
</testsuite>